61
many
50
95
50
50
many
50
61
95
22
61
many
2
many
67
many
many
2
14
many
38
many
many
many
1
many
many
many
many
many
many
22
many
many
many
50
many
many
1
many
many
50
many
1
43
1
99
90
2
many
many
many
95
many
31
22
99
many
50
many
1
4
many
59
9
many
many
61
61
50
many
many
50
many
many
many
many
1
83
many
many
61
92
many
many
many
2
52
many
many
many
31
43
19
99
many
1
14
3
many
50
50
50
1
many
many
90
22
many
many
72
many
many
many
many
many
87
many
50
10
50
83
many
many
many
many
95
many
14
many
many
67
many
many
many
22
61
50
50
1
45
many
50
52
many
61
61
50
many
many
many
many
71
50
many
50
many
22
2
many
22
many
22
many
many
1
many
50
43
many
many
many
90
50
31
many
many
2
many
many
83
61
many
many
67
many
many
1
many
1
many
50
many
50
43
61
95
50
many
22
many
1
many
52
1
22
22
50
19
many
1
many
many
43
22
many
76
many
4
50
many
many
1
61
90
many
many
43
22
many
many
many
61
many
many
92
90
43
64
many
43
many
49
many
many
83
many
2
50
many
many
many
61
many
19
1
many
many
67
22
1
61
many
83
many
43
many
many
many
50
3
many
many
many
50
many
67
many
50
many
29
many
many
50
many
many
22
many
many
61
many
many
many
43
many
many
many
many
many
45
50
many
1
many
many
many
51
many
many
many
43
50
1
61
many
many
many
many
many
67
many
42
2
1
many
many
61
many
61
1
many
1
many
50
1
many
many
1
many
22
many
many
38
27
22
many
many
1
2
95
61
71
many
many
many
50
1
45
many
many
many
1
many
50
many
many
14
many
many
many
many
many
50
19
many
many
22
31
many
90
61
many
45
many
83
14
4
many
1
many
50
many
95
22
many
50
22
22
many
many
many
many
90
50
50
many
many
90
50
1
many
many
many
many
many
many
many
many
1
many
many
50
90
many
3
many
50
50
many
1
22
many
many
35
97
50
2
1
many
61
many
many
50
64
31
many
many
22
83
50
many
2
4
many
many
many
1
1
22
many
64
many
43
2
many
many
many
45
many
many
22
50
many
many
many
4
many
99
many
90
22
many
43
61
many
many
many
67
2
22
22
50
many
many
many
31
50
61
59
