314
AMORnoHyAB
AgnlvvFBNg
AptbmoRljp
AtvbQxGKGY
AwhMvyrfqu
BAOJoRjOSx
BEMdfgSYmI
BNrsSTWEPY
BQqpGFFylg
BbpkMDGaPZ
ByFIwwgest
CBvIWIoKjy
CGlwiroUsY
CJrlfEUBlO
CjdXPANkaT
CjscrLvSML
ClshsTKMbY
CmWVRiYGvn
DvGiieTpmb
DvTHrwBquS
DvjGQEvMdG
EGELpUbmDl
EeojekZyzS
EhBFaFjXZX
EjIMdKubzD
EsPjtkABjl
EsSghMGQak
EsrPhqvKSq
EuQgQloWwV
ExqgWHznAr
FKdHDKUkYU
FLKRWgARwp
FZFxqXMgwO
FZQfxLHNpy
FemrwTiriX
FloxFAStAA
FvANYLjTnx
FvtDBGoDQH
FwuYdNeMNG
GMoXbqJLHz
GPoOOQLvUe
GREDuOsKIK
GZRREogmEP
GafYoWhZUZ
GcndhSrMZr
HcDVswIxbv
HkZAdhMnRc
IPJMmtULqD
IRlSLscuUP
IZhdFqfZqL
IbOKXgKUkc
InCDxcuRRF
IoRVLKAkmG
IoccBQFhNk
JHMLdkRlFv
JMErlRrdsp
JQkVgbRyAa
JiJxHwXJxF
JkqHCZbekj
JoKbJDLAcF
JpTYIPEhZS
JqwytbfGMV
JwgEAshMRk
KBbtDhIwUi
KMGlvcpfzx
KRLjPNXHrl
KnuLCayWil
LBGmrppejW
LPFoOepOVR
LQOisEYOyN
LUEIfbGVMm
LUTWNBYNAA
LaCCyWbvny
Lavlogyxua
LhxTwIwqfQ
MJWKFakmGQ
MTBBLvnJIS
MUbYtjkeRB
MhvzquHDLD
MmWTjKJaXv
MohYRMdqYP
MwUQtBTeaI
NUyyjnxqdk
OAvukZCiAq
OEDROrVHUY
ONPiDwpKYh
OQJxfsuFaU
OQOfSxKZZO
OoptlMyjfg
OtKlmJHcKY
OufRBTPWHt
PCKrcogdkH
PUpMeXoySZ
PmIJtHDnNO
QHfRhaConw
QOvpuhjFPk
QYISDPZOzl
QkZuQsCkbz
QpxtwxfpxB
QqOJcnMZPT
QuCprihEtz
QvpagzavaV
QvphuJKMsx
QzbzJcmyhQ
RCIdgZDHzg
RNxUCwuCco
RZjynMYXXX
RmZfXBOXZq
RrAgBhVXvO
RruYSWOjFe
SBlzRSwPnh
SDtUqoXiFk
SEZOMcpGUf
SHpeHRFWbZ
SmMIFRFLWf
SsseLbrdLw
SvMWbVDWCI
TCQBfdNJck
TJkgQomxWE
TbhxaLMWUe
TjSFNgNvNg
TrSARWVzzm
UGtqagyYBt
UPrPxWTHFt
UXThtrFIaQ
UqtAMFigQa
VKkbeJzrfe
VOYRjoJEiJ
VSVcyMWmCd
WHZbwVYmkf
WSsMGoHeLF
WYWHDYxbOh
WYlXBaPTun
WcsIetzJHW
WmpAVSlEJo
XNOVeqFvQE
XWPoHYDIRG
YRutzwowFD
YUgbrCMedH
ZENyRXytoA
ZWCxSjdsMn
ZWJoHiKEgy
ZZJABsdSuf
ZaNrVQApDx
ZgdnCjMunj
ZxPdHhrTLb
ZzWgwxwjgt
ZzgEJZNEaz
aFLITSfGzM
aKKnyLnrhY
aOKXvhTWyo
aWZhlCoRtG
agVzWUSYrx
awVDzjrLJb
axUyXuMLsI
axxAtRoqBx
bEMxeWmjnP
bHvXbYPNTV
bQjLkkerFJ
bSoHqiBuyI
bfZIGKdhrg
bsbYNhDMcf
cMtHMPVYcQ
cRowuGRFhi
cgRaWcFIfR
cxGQPbWqVj
dFNCemnTtO
dIuMDDmzyc
dPHHJDvddn
dTGYGILewq
dWzZjBjpgA
dazMlaaoHK
dhJScKiuvp
dnGThoXaqI
dsERhszqSP
durUUmTkOP
dzXczXHoPQ
eBAvpDxOlZ
eFtKwWMXfA
eJzczdJpFU
eKKLKtZCwJ
fRnkZJtlza
ftRNNHtXFx
fyWsOztmFg
gFpyLdILAM
gdhmfqcBFi
geWiszieLk
hEXnRbGGRJ
hGtnVmSCnr
hMlCItYfpA
hQdkPTBscK
hSPbHFHOoc
hsSncyeRAs
hwSngGlxHS
hxsNzUbQxO
iNGXevkoQm
iNmgTtFBIj
ikMqpEmxEb
ikmLfQlhLX
isUqmFFsRU
iusuoQpArO
jGPCNxcECo
jHgwSYJOAb
jKWBJKPKOr
jVjdtPFINA
jaMJscJGoN
jtqJNBrfjT
kQWUHjJoMD
kRTdzHJWtZ
kbNIqKkygd
kfdDWwtWfX
knjbhgzGpJ
kpUGXbGNvy
krAjMsLVzx
lATmaAfnyp
lOJWENBRtQ
lTUzWStOLx
lkhyJremMZ
lzluQXRzXI
mAsjAqajKi
mGQWZlQFcV
mIGWxYQTzC
mMnfinjHjJ
macrGgpHsF
mkOLWwMhSH
mscWxObSgU
myaOcVOjiH
nbtpFQPgVb
neZikiuAwp
ngfGfqKpXc
npkrXgBzUd
nuMdxJOQbf
oHyKuOfMBd
oOMJpVHocH
oYelSFFSWL
oZDLDkhmNP
pCDrUuriUm
pMsdBCnpCb
pPuofmkVOv
pQNunztoYt
pSZdqXtipq
pYYeTJuvZn
pvmvWLdUsP
pyFzhDYSDS
qhgWfBIqQG
qlqlfZcuGx
qtGJhWgwkP
rDTXMGHVhx
rROWsOppDu
rVzHWHbpzD
rfXaKGDtVx
rlRJgTUNMb
rptfnRbtKw
rsCRHIVpiz
rxFDHdnSPX
sQhZdmmYAn
sXoxQHXTTJ
srYQWFJxxB
tRjdrlrKpv
tVncqKhyvx
tlgbIrGKTG
tvEvLDuLYm
uFxrBDebds
uGpcADRacE
uWFCIBLJZy
uiCzUOwWvY
umGmsvNdYS
utLxqZGRRF
vAMKZCKKcl
vFHvOIxcgN
vQOTdnbnMb
vkNGjpKoFj
vndjhyNUie
vpwVBuCtcN
wCQAlBbXcs
wGqFmZVhHk
wHQIqQHsZD
wJQDQyCTOz
wQxlruJlkW
wSStgAaCZq
wTHSsNcZHg
wcAukzNcVW
wsGdgadGct
wtUAKXYhTa
wurbWjpYdo
wwohxJlsau
xIZidNMeDU
xNnMrYuOwM
xUWufOwqVC
xVEWZpPYtO
xVJCyuTqGj
xWovuyYWlC
xbDksORmhn
xiFjcUXtGQ
xkRDPUkIop
yAYpmpCVsX
yEkPSNnTGz
yQVhlydtjf
yWBDKYCHJe
yXxnVuAxIm
ybZqmubFBC
yhCMUyyzTj
yhJKaoWVgL
yhLhKfXjlp
yodJwemcMr
yyTYDpuvBI
zEAMtapwsi
zWyLXuYzTB
ziotNEfwZN
zjWRLQAoQx
zsJUYPuUgq
zufiYNLkum
zwcMgUcbNi
zxmziVPifl
