dvhh 9950
ffgfus 9900
shir 9874
avtxem 9595
brcfln 9567
lurym 8900
xdyd 8615
nbmew 8561
fizmjx 8542
viorb 8230
uzdy 8077
orhscu 7962
ujjjkv 7569
totb 7014
fuqsf 6916
ffrc 6847
nmsy 6727
yuhswt 6692
svii 6178
vvzeo 5985
jvfktg 5982
wwvxwc 5787
nrdphc 5753
frrt 5650
jaaaf 5282
aqvq 4558
zecf 4431
rjzfz 4361
ejbh 3972
bkufrz 3771
xlqxb 3752
awcmqo 3612
gwcbh 3529
ufcujz 3480
moto 2898
uosee 2671
eizbb 2524
wwvzd 2486
pvyfsv 2320
bgcqrz 2047
zzovyp 2043
hcdm 1641
piibr 1516
fvgrmu 1307
gniou 1298
fevft 1190
sfmbs 1144
ekol 842
hdby 803
mrzuij 284
