juqlkyfrqj 999267898
rpdva 990378595
pxwuc 985766216
qwqi 982133451
vizerd 942589054
wj 932774822
smpautcjk 923977583
qbty 899654124
zmqa 897719897
yaawj 896714828
yrdagbqdhg 885534964
yw 869729088
wv 864052419
i 856638599
mqupn 848322872
rns 848309549
pjawcua 828662324
vetajkhlqi 824128833
jjkzg 813958056
z 802675676
xc 801744892
gvh 799329254
shfpthl 776429127
ydybnylz 772526247
nkselsa 748174549
fpwgdp 744540039
ovth 743992776
wipuywhbu 734028654
neydzuz 731955316
wjtknatlb 731415605
fmdpyqhhwg 714427711
igeoxbzoad 696448257
kzscdxtzgt 696439719
vy 664440795
ckppmcqaz 645885838
fmkcrqqtf 640305291
jomzw 630047589
df 629132857
zupeqiv 622402910
ynol 619843480
m 606597976
ifyfjno 591305910
wmbsc 584023614
ihcsstgsad 560950375
wfmdzwmbhp 518891333
gca 515466136
wjz 505435471
zzw 501596853
xvfg 481419000
u 459427023
jaoqhykjdt 459289168
nyd 439802119
opdpcvvrw 433312703
mjtbll 413747775
xope 410006494
akhksuneg 408001587
ltqeowo 395980208
xdh 390887480
fqfjqcdpxu 386260430
hkquy 359597076
fed 358542636
idvmvbsk 354306359
cfj 353725946
gicqhvub 343248221
vmtcda 323194504
fexf 322159412
dftswm 321187059
r 319224536
ftfpdqdx 289729420
je 272645243
pxqh 261722071
geb 259238930
fkzkczs 245197073
lweqsh 237646399
nu 221962985
fevnggel 218425466
rlaay 206536958
ilk 201021733
fncrevmfwn 197718473
lilha 196430642
liux 192578791
zmckwhp 185870973
rfp 172778856
ikbuhx 170204911
p 166598251
nvkkcdb 139683694
nrgv 130700465
bzepxw 127133252
xlpmevljer 122695077
xvytqtigfz 118318733
zdpywd 99522065
ctehfvm 92618132
sqdooifl 78184391
nrsv 63931388
i 61271814
gvxefro 59060354
wvzmxtqxob 54918688
jlenfwy 46772680
xoihkc 41370245
pvhbu 3669131
