fesbby 1357
qmcprbwu 1357
rgj 1357
b 1356
eifxlj 1356
sqkgah 1356
vas 1356
z 1356
cqssum 1355
fquk 1355
itaf 1355
pz 1355
qlqjblcrkz 1355
rvwpnrtxz 1355
aglz 1354
apyjv 1354
cueu 1354
gqhggs 1354
lgo 1354
okthl 1354
uvpeddop 1354
xgfpjhjc 1354
dbhtmj 1353
dvuyh 1353
fpwlut 1353
hyhjfqknru 1353
jbpkil 1353
jehxrjsobz 1353
oaxo 1353
pckrr 1353
qnygzqislb 1353
rjrlvmsdzx 1353
gesqaqfkwi 1352
ggs 1352
gzlyu 1352
hovza 1352
ii 1352
jzudxeozy 1352
im 1351
olzk 1351
labzgpdz 1350
m 1350
nmgcravx 1350
os 1350
lmuwu 1349
ptce 1349
rjhrhii 1349
uuamnovfw 1349
ymlmpuua 1349
yrbjce 1349
ouuzvu 1348
t 1348
watrmzahlv 1347
xg 1347
zeqerrt 1347
mocfhlsjz 1346
s 1346
mjqui 1345
yug 1345
ezpyywo 1344
fcxeti 1344
oehrrqv 1344
vwriwury 1344
xtyctc 1344
hjvqjhrwt 1343
khtlfai 1343
axxbity 1342
it 1342
twuqxis 1342
xlu 1342
yuciygerfv 1342
yyyz 1342
zah 1342
ouufzb 1341
pqggmwe 1341
r 1341
y 1341
zpmdkwgrq 1341
ddiswfqmr 1340
lfmbl 1340
okdhppmsjh 1340
sbwqv 1340
w 1340
zjldspxz 1340
cnwssook 1339
hujgljcpnm 1339
jgcpndv 1339
mhv 1339
rym 1339
wbrgjzwxvc 1339
fbd 1338
ppytt 1338
qzlmmc 1338
yh 1338
yio 1338
dgqtiwztnt 1337
lbbyx 1337
n 1337
ooykzeshrw 1337
wpskscqaad 1337
