2296
AFqEB
AHBKq
AHIPh
AICSP
AJYwM
AKcTe
ALGhC
ALcSt
ALedN
AMztJ
ANJWZ
ANnwu
AObce
AOmQs
APDmX
APFZb
APdYn
APyvc
AUvMb
AVEms
AVGRi
AVOxa
AWrjH
AXBCw
AZDsp
AZfvI
AZmac
AZnTN
AaPWf
AczOS
AeBTD
AfpcS
AgYFa
AhDqD
AhEJu
AiivA
AjYOV
AjpTy
AkEIE
AlHdx
AlQLL
AoBsR
AqQvk
ArOhb
ArwyS
AsYdw
AuWiZ
AwBFK
AwMQj
AwwlY
BAkva
BCNmu
BCaXw
BCeSY
BColy
BHKAV
BIpWh
BIryq
BJHho
BJthF
BKXRD
BKZBm
BKpbk
BKrmd
BMrdQ
BNdOF
BNuuy
BQCTp
BQmVn
BSVRI
BSVmN
BSgQP
BSqWJ
BVZME
BVqjW
BZdCa
BabOO
BaxVt
Bbxso
BcFIM
Bdkgu
BeZRL
BenjW
BjRQi
BmlrN
BodpC
BpjJo
Bqyqg
BrDuq
BsLzV
BshSk
BslAd
BtKUs
BtlVV
BuLkw
BuhPG
Bumyy
Bwunn
Bycgx
CBCXp
CBaQg
CBvkb
CCYjV
CCmko
CCxlG
CEeYG
CGuhW
CGxDk
CHIIP
CJRrs
CLXfS
CNPWi
CODlJ
CQvBu
CRCij
CRPud
CTFLM
CTOmp
CTzhk
CUSJW
CUxwl
CZpvO
CafKP
Cinek
Cjcxh
Cjjun
CnOlz
CoMoL
CohpM
CrQNf
CsqzC
CtoWu
CuOYu
CzicX
CzxgJ
DBBJJ
DBJGf
DCPlj
DDOLF
DFwhW
DGWXW
DHWNw
DIKaJ
DIjib
DJAhc
DKJdp
DKvca
DNroQ
DPbMY
DQhdD
DRtOl
DWkeE
DXzOl
DYBbv
DYYRj
DaoNO
DbinL
DbjCs
DbkZf
DcshV
Ddepv
DfduF
Dfzmx
DgbxR
DkmQl
Dlgpv
DmtDa
DoYKd
DoiRT
DqKHH
DtBra
DuawI
DvDLc
DwDwt
DxBEq
DxvVT
DzIiv
EAZgn
EFxzt
EIUSI
EKoyE
ELJaw
ELbEA
ENQUE
EOSTy
EPXMR
EQHkJ
ERGhs
ERhWN
ETeVK
EURKW
EXCgZ
EYJBd
EYURx
EfvWm
EgWgH
EguoV
EhEqD
EiDgc
Eifrt
Elslq
EqkjH
EswvH
Evcng
EwObJ
ExKcm
ExzgE
Eyirc
EypVG
Eyvkb
EzXAb
FAgCV
FBieJ
FBufD
FDBQx
FFAuV
FHFzO
FHznZ
FIgLE
FIwub
FLhMy
FLkYz
FNHnQ
FNJjI
FNXJf
FORKF
FOaFt
FOqOm
FPnHt
FSMkd
FSZdS
FUaHb
FUgaX
FVaxv
FWvpt
FWwYm
FXsNP
FXtsi
FXyWO
FYGtv
Fapmh
FcBBP
FdLMo
FfyGZ
FjapZ
FkRup
FpLPJ
FpOIX
FpaKn
FqSIq
FsAhv
FscqP
FtdKx
FuAwG
FuMNe
FwiUr
FxWGn
FzYnH
GAQYC
GBmIg
GBuns
GCWAk
GCZdb
GDdtT
GEKyQ
GEVzq
GFvyx
GGARo
GGpXq
GIuKt
GJIKC
GJtgu
GLdIA
GNqND
GNsEQ
GPZKi
GRsrK
GTMNd
GTSGN
GUBME
GXMSH
GXuqK
GcLaZ
GdMIB
GddOy
GfIOX
GfaRX
Ghfqz
Gjkiv
GjxCC
GoKLe
GoyXa
GpETh
GqFbc
GrdzQ
GrtCp
GssxA
GuPbz
GvfxS
GvmLi
GvoOi
GwqRx
GxDxC
GyDRY
GyHTC
GyZhb
HAjZr
HBhHg
HBuxm
HFhsb
HFosr
HFplU
HIDxc
HJarB
HLlyZ
HMnkH
HMuCV
HOZtP
HObvs
HPKwo
HPZgM
HPeOW
HQMfr
HRsyZ
HSxKH
HUdmX
HWNpX
HWrIx
HXVMO
HYYgH
HYlxT
HbMdX
Hbisq
HbqiJ
HcEwW
Hctci
HdDbI
HeWsT
HelhR
HgBuP
HgDPH
HggAC
HgxUz
HiFlO
HkllL
HnWxm
Holdg
HoxrY
Hsqbz
HtBgm
HunzC
HvSLc
HwQHB
HxGbp
HxRlQ
HxbOl
HyClC
HyJWs
HyLSB
IDKds
IEjbG
IErVi
IIFmv
IKixL
IMRWq
IMarw
INjqK
INqEc
IQpqa
ISoNj
ISqVt
ITsrV
IVGbP
IWtLZ
IZCOL
IdZfi
IdeNe
IhRGj
IhlME
IkHyM
ImUAM
InxmX
IoAnM
IocvY
IqTRx
IrpEQ
ItnQk
IuUkB
IvAyg
IvUGw
IwIlg
IwKgq
Iwpji
IxRcq
IxRxv
IyoYA
IzJqH
IzYPC
IzaFs
JADSQ
JAMlt
JAdAP
JBMTr
JBOCH
JBRcI
JBqhG
JCSDb
JEJUa
JGbve
JJNNp
JKIAi
JLQlX
JMEEh
JMWXN
JOfzg
JQPue
JRArI
JRjwI
JRnTI
JSELe
JUhsr
JVsJB
JVzPz
JWFWx
JXRPJ
JYmzL
JZyMh
JaXcg
JbFFg
Jbgwj
JbmhG
JcUoy
JdDFI
JdZJL
JgDhe
JhlPD
JjJHF
JjRCR
JjWxh
JkFQi
JlBXQ
JmMVE
JnlpD
JoGpN
JrVpI
Jrnqy
JryCD
JsWBH
JsZoB
JtIqH
JtUWR
Jtkiy
JuydC
JvHXo
JxUeH
JxuOr
JyTka
JzMQd
KAeIR
KBfEs
KDhDZ
KHwVe
KImrx
KKRhC
KLOAB
KLpqT
KLtmb
KLtvu
KQOMZ
KQaky
KSjiv
KVTba
KVaWm
KXHgQ
KaUoo
KbAxZ
KbmCa
KdBsi
KdRCL
KdfWk
KdiVh
Kfbht
Khybg
KiduV
KjQqg
KjvUe
KkSyL
Klbsg
KmKBJ
KnObT
KrKni
KrcQO
KrfNY
KscsL
KtDtp
KtkDS
KuWtq
Kwqea
KzabZ
LCAUp
LCMns
LDKPt
LDLwN
LDUMk
LDtNt
LEnbY
LGMmR
LIQCw
LIsWv
LJsmE
LKTzP
LLsDL
LMWyF
LMppG
LNJdZ
LOKVw
LOyBX
LPRxK
LQful
LRmnQ
LSBKm
LSFGR
LTASk
LVVoA
LVshY
LXDrK
LazYV
LbcNC
LfvyA
LgxdN
LhBXo
Llacc
LmYHE
LnBCr
LnHRP
LoPDf
LqrNV
LsKSt
LvrWB
LyOHa
MCwai
MDZrA
MHYSj
MITTC
MIZxT
MJvoj
MPNpV
MPdZY
MPiyA
MVKqp
MVvZV
MXaFu
MYfJH
MZsQf
MZwrG
MaanK
McakZ
MfqzU
MiHCF
MlCJf
MlbFE
MmuVH
MnGTU
MnwWb
MoBTr
MtLWp
MvvMd
MwLiX
MwwAo
MxjPa
MxxPW
MydDI
NBJhF
NBmmm
NDUbX
NEefr
NFQKn
NFyjz
NGhaE
NHlIg
NJpMi
NMKXQ
NMnNz
NPElq
NRqcD
NSZFz
NTTEC
NTlFY
NYwyR
NZuiN
NaKVZ
NcHGA
NdXcx
NfDlB
NfUaE
NgCFx
NgtWj
NhVNe
NkrlN
Nksox
NmTNs
NnbvR
NnkvE
NqRIr
NqpXd
NrWli
NrgFS
Nshwp
NsjQV
NtSmA
NtaaP
NuZFt
NugDT
NuqQA
NvVsW
NvZxk
NwSxZ
NxNBD
NxlTT
NydMp
OAgSy
OBDxX
OBLnA
ODyqn
OEVRo
OGDCF
OGRIo
OIbXj
OKgXb
OPLsD
OQIxe
OQXCF
ORGuk
OUkkE
OVGtu
OVxsz
OWZvp
OcdCu
OeqCo
OfCmu
OgZAN
OgojX
OgxmW
OhAns
OiGxy
Ojdfv
OkaIs
OlDUi
OlEfX
OlfYv
OlgPS
OmEFX
OmehG
Omvzr
OnYih
OnvBC
OqzLQ
OrGBW
OrJBV
OtYKf
OuFhu
OxIoM
OzMdF
PAppG
PAxBr
PEgPH
PHdbY
PJpjC
PLixx
PPcsf
PPeqq
PPwkw
PQMAO
PRciW
PSchE
PSdAE
PTdcv
PTmNO
PUNBk
PWqoe
PZVFl
PbGRY
PbqHj
PcnYx
PedSW
PelLL
PhYIL
PkDkr
PlAUS
PouSn
Povef
Pqsmx
PquYi
PqxGd
PsUAT
PuIhV
PuVtT
PyBjm
PyCRr
QBrwE
QCYUd
QCecH
QFnzn
QGTpp
QGVts
QIwYJ
QJNtA
QJXHQ
QKZWU
QLAHQ
QLjJB
QMXnb
QMrLH
QNOhF
QPtgG
QRDaG
QRHQP
QSaHr
QSlRl
QTZmK
QWZTf
QWoRv
QaVsE
QdKNE
Qduxj
QeXzw
QgNPI
QgiNx
QiOZI
Qjihb
QjyWb
QkbWZ
QkmFi
QmNkh
QpxRe
QquKV
QrDGL
QxSCD
Qxwod
QybVm
QzleH
RATrw
RBAWw
RBZCK
RBkgz
RBvij
RFNcS
RIosP
RKQpS
RMfcl
RMmjA
RNFWn
ROEEq
RPnyu
RUtaa
RWnxr
RXgqW
RXokc
RXqgZ
RYbTz
RYcvw
RaJWj
RcEHg
RgCCS
RhRkO
RhtoN
RiwZd
RmOGe
RnqSu
RoICw
RraRa
RvBNr
RvwVv
RyqpE
RywlM
SAveU
SBLiy
SCcMe
SEqeC
SFRBY
SHgGt
SHhpg
SIJkt
SIMAM
SJnhe
SKasn
SKfUZ
SMMpa
SRPYp
SSRJp
SSfnj
SSpdg
SVuNO
SWlHq
SXYGy
SYDPc
SYtGn
SZWKI
ScHyY
ScUea
ScmMe
SduHJ
Sdvgp
SeEQz
SfTlh
ShQxH
SiQIu
SkJeZ
SmgvH
SofSO
SpjeG
SpwDn
SrXGh
SrjLN
SscHm
SuSlS
SwelA
SxbAB
Sxhyt
SyZvZ
TAMef
TBDTc
TBemF
TBoXR
TDkgg
TEKHs
TEkXF
TFItH
TFzcI
TGBqd
TJZts
TJevv
TLLPa
TOaCm
TOkBm
TPMmv
TQKaK
TQoiS
TTWOQ
TVDpX
TVNDF
TVstU
TWkCh
TXGSM
TYWXa
TadEA
TaepD
TcYSs
TdXiW
TfkCn
TgPqt
ThYHV
TiBGi
TiNiw
TkzsW
TlpAX
TnlEC
TnmyR
TnohQ
TnvQX
TnyZQ
ToFzQ
TpgNW
Tpzef
TqQtB
TrZsL
TsDuY
TsViA
TvORh
TvOgO
TvRKv
TvRQc
TyZte
Tygbt
TzeBP
UAJXn
UAUaY
UAwcW
UBFxo
UCRDj
UCTNy
UDwcL
UEynJ
UHjAU
UKIPW
UKnZz
UMCpZ
UPxvD
UPywL
UQhYo
URBjB
UVtxf
UWOqa
UWYmK
UWuhi
UZoLb
UaXCi
UfZwA
UfxLn
UgPAD
UgeTb
UgyRi
UhYxe
Uinpz
UjDUv
UjUvH
UkbFu
UkvIp
Ulxdi
UmbBc
Umcnk
UpOoY
UsNmj
Uspxa
UtPKi
UxVEv
UxogJ
UzCiM
VAqIY
VCzRZ
VDYty
VGbYx
VImQA
VJTUb
VLRzJ
VMaJG
VMhJg
VMzUd
VNeCi
VPaKm
VQtzG
VRLxx
VTUEu
VTVlk
VUdwK
VWNRY
VWrRh
VZLyg
VZmUh
VaSZZ
VbUMZ
VdUrq
VfwXq
VgJui
VjBWV
VjNLV
VkwiO
VlYug
VmUQE
VoKNY
VoYOm
VoenB
VogbJ
Voqok
VpSMV
VpvhI
VqKUF
VsnZV
VtxMW
VuDet
VvZXR
WAfII
WBZfi
WCnbx
WDKIl
WDfsO
WFMhA
WFXrp
WFvVn
WJjYM
WJllC
WLTPA
WLdYW
WLxNo
WMTNI
WQQLJ
WRWSJ
WSfOZ
WTSxp
WUxZj
WXatx
WYWKr
WanHy
WbIKv
WcpWt
WdiPR
WfJqt
WizBV
WjYfQ
WlIbE
WlpaN
WmzFx
WpWIA
WqMjh
WsgFJ
Wtswy
WuwNL
WvBmY
WvnuJ
WwLyh
WzFgK
WzLaG
XADfO
XAaxD
XAskU
XCYWB
XEiIu
XFLYo
XGvYT
XHHFd
XHReL
XLuvK
XMRSO
XOBfi
XOYSm
XQjWD
XRjQt
XWRiA
XWyCD
XXUuT
XbQyU
XbfuK
XfuCz
XkKzR
XmcEA
Xmieq
XmlPJ
XnuNn
XqCKn
XrCAg
XsqKi
XxerP
Xxjbf
XyFZW
XyGGV
XyTqu
XzUeH
YBLQQ
YBLkv
YDqKA
YEYpG
YFPlA
YFlHA
YFlkK
YLgPJ
YNmth
YPFwo
YPYpk
YQZpa
YRfpj
YVoeD
YXSnz
YZflh
Ybdtx
YdFhO
YdMfo
YgFCD
YjPnd
YjelE
YkDGi
YluJZ
YpPtd
Ypkvt
YtFAn
YuNpS
YugkP
Yuoox
YvHnN
YvnMI
YwkTG
YypAj
YzFht
ZAHMB
ZBtTQ
ZCIoN
ZFXMM
ZFqFF
ZGfNh
ZLVqm
ZMmAh
ZMzfU
ZNdVg
ZNvkJ
ZOmvD
ZRwQS
ZSHeu
ZSeNN
ZSlgf
ZWcpU
ZXIdg
ZYTBu
ZYaSX
ZZQXl
ZaGCA
Zaepe
ZcVeX
Zfnnr
ZguHK
ZhalT
ZhbJo
ZioBl
Zirju
ZiwJD
ZkDht
ZkUft
ZlcTs
ZnfOE
ZrBoA
ZrtsX
ZsSEz
ZsgRQ
ZtHgK
ZuzKb
ZvLSy
ZwTOO
ZxJkP
ZxwoB
ZzfhF
aAZiZ
aApVV
aAphA
aCTQW
aDVMh
aEUtK
aFqyI
aGnvn
aGyae
aKXZp
aMEXi
aMwGy
aNEif
aNTcL
aPoxY
aRACU
aSFBj
aTDfk
aTqlL
aVGBz
aXomC
aYKoe
aYjOK
aaTHq
aaePR
abjRi
abpYW
adFpj
adRrY
adjrV
afAsN
afnNy
agClt
aglpy
aiMlp
ajRCn
aklnm
alSxN
amDsZ
aqiXM
arBlW
asqli
atzkz
auOlw
axhgs
bCGEH
bCswE
bDDll
bDatD
bDtJI
bEnRW
bFXKK
bFqmb
bHBvt
bHkkT
bIlCs
bIpkz
bLgkP
bMEnC
bMYNK
bMfxb
bNBMx
bNqlq
bNzmv
bOmCb
bPgFS
bQWOo
bQcVE
bRPPz
bRzIc
bTEWt
bWzPD
bYWPg
bZHKF
bapNp
bbgIv
bcBky
bcSnL
bcpYE
biLRz
bifWP
bkEVT
bkRpP
bkZCP
bkcjt
bmvlx
bnJzU
boomt
bqJGg
btCsF
btlPj
buKSH
byXzE
bzmOI
cAoIW
cBsUO
cCplz
cCxdt
cDCxn
cDLcM
cDera
cEhBX
cFJRL
cHSpi
cHpAB
cIfwj
cLTeQ
cLXlf
cMbtu
cNHgl
cNtHy
cORxz
cQNHa
cQekK
cQfBy
cRKzA
cTNNW
cToPj
cYlqB
camTc
cbXtt
cdQhj
cfNpw
cfSvw
cfpYj
chrBc
ciNGW
ckeJS
clIBP
coCGG
coasn
cqCYS
cqOpL
crGQq
csOcd
ctBRr
ctDKx
cxQmE
cyjoM
cysIH
cyzeu
czgUR
czpZJ
dANES
dBrEN
dEDpv
dEaFk
dFwsn
dGNEG
dHBgG
dIRZu
dJEec
dJedw
dJmHP
dKegC
dKjMl
dLLhm
dLeIF
dMIDg
dNAlS
dPByi
dPCZv
dRVfb
dSRHu
dTjWr
dUMGH
dUUbB
dXIIn
dXOHT
dXiNK
dZxyi
daPfP
dbCUm
degEK
dfMXl
dfTZW
dhZQv
dhrkb
diHuQ
djvkv
dkwXE
dlOVA
dlmlz
dmJvz
docpS
dqSqi
dqatZ
dqjQN
dqvBG
dvIjg
dwAqE
dxMmP
dyBwC
eAfKJ
eAyha
eBjCm
eBnux
eDIdU
eDcNf
eEvor
eHvio
eIeUR
eInjw
eIwro
eMcPf
eNTSE
eNZxL
eOlhH
eQKbu
eTHLK
eTPTu
eTXLr
eUdLh
eWdPU
eWhyX
eXmQe
eXnkz
eXwcD
eYDCD
eYfGz
eYkmM
edIJL
eefZF
efaMd
efbir
efbiu
ejmMQ
ejvuh
ekjqu
emDNR
eoaBz
epJqy
eqGft
eqkfJ
eqlEK
eqzFB
erZwf
etygq
ewAef
exohI
exzwF
fAUWI
fAtOk
fBViA
fDhQP
fEkJa
fHSci
fIbPP
fJDUx
fJxRk
fLajK
fNEXF
fOXzf
fPjIJ
fPwia
fQOMd
fRNfe
fSSfj
fSzUr
fUUvD
fUVHu
fWrPy
fYGkW
fZsfP
fbfyx
fczsT
fegID
ffLPc
fhHAC
fhLFY
fhUNw
fhccK
fjEHs
flzCw
fmclL
fmqFB
fnQrx
fpaJZ
fquDu
fsOwf
fsQTL
fuPVK
fufLs
fvGDw
fwTZY
fwuzD
fyUnT
gAxLB
gCNvK
gERmE
gHDuJ
gHoio
gIHdi
gIxFI
gKCoO
gMQKb
gOWNO
gPmBx
gQULz
gQkwB
gQxkf
gRHPY
gTKlz
gTgwp
gYWPj
gZTJD
gaCMe
gauXY
gcXrA
gcfMe
ggeyw
ggpzo
gguWq
ghCHB
gjtuW
gjuHt
gmGTC
goOcU
grqlH
gsLdF
gtMrM
guTBI
gwsOP
gxYZO
gyKjk
gyQwQ
gyXmW
hAFUZ
hAIfl
hDaZk
hETum
hEVUc
hFTqg
hHBXm
hIgOZ
hJzjG
hLnUI
hMMfy
hMWMD
hMvXg
hObMP
hUtuP
hVrQs
hWXgy
hXhYB
hYHFw
hYSTn
hYYgQ
hZScn
hZjCQ
hZjPp
hcKaW
heDMi
heJDV
hehNL
hfHoH
hgCbC
hgthS
hjLCI
hlXQg
hmyeD
hnOCR
hoSYr
hrUgI
hwCve
hwWpo
hxYEo
hyExP
hzYAp
iBlOA
iBlRB
iCZEy
iIjOq
iKarh
iOICN
iPldD
iRGIG
iTZKK
iXnay
iZGLN
iZLVH
iaDrB
iakcn
iaxve
icfpI
idyhn
iervf
ifamC
ifiJB
ihSEu
iiILe
ikxev
ilTVU
ilWoB
imqbr
ioQFb
iqCEu
iqQmb
iraOO
isPOG
iumsH
iwCLh
iyYrf
iypKJ
iyxzn
izsOT
jAhAa
jHJyl
jHkWm
jHqZG
jIRwH
jIzWL
jJEFW
jLfTo
jLhjc
jMQNR
jOVwI
jPQPN
jPquQ
jSaUV
jSlVn
jUWKX
jUZfe
jVpPE
jWeOk
jXSsV
jXkyh
jYPvR
jYmXm
jZfAk
jZsue
jasYB
jbEvy
jcFSH
jctLZ
jdEcx
jgTuQ
jgyhI
jiyep
jjGnw
jjbrG
jkEVN
jkGjE
jkIch
jkdNf
jlEnj
jmmyH
jmygB
joayL
jpBrK
jptLn
jqeRA
jsHgC
jsfdr
jvXcB
jyutV
kAjsp
kBwbV
kCeTc
kCqeR
kCyAF
kEPUb
kEWrE
kEvyP
kHslX
kIifO
kIziI
kKLjC
kKSjB
kLKrV
kLxbz
kOZgR
kPASu
kRKHA
kSKYk
kSRya
kSXOY
kWtIt
kYvDL
kaFLK
kbvqF
kdubH
keapu
kfLdQ
kfRLB
kiLza
kidiM
kjEej
kjhPm
kklyh
kmDMo
koIiK
kotyL
kpqwh
kqbGa
krzoX
ksLnz
ksZgM
ktJOk
ktSmO
ktmuW
kuEXd
kwZVq
kwbnV
kyOoZ
kzmFc
lAFEI
lBmEa
lCMym
lCsKb
lDAWf
lDlig
lFHCK
lFdOi
lFfLU
lFzPU
lHqHI
lJvEu
lKnHf
lLACE
lLnjz
lNcSu
lPlpr
lPyQl
lQKDk
lQoZB
lVgzf
lWLNe
lXaaY
lYqiD
lYuIC
lZLAQ
lZaVm
lbHcl
lbkwI
lbyZm
ldlMH
lfgPD
lhDwG
lhNjI
llWEZ
llqRb
llyEw
lmYQP
lmwkp
lnWVS
lnmZJ
lqNKn
lqhOQ
lrRZw
lrovZ
lruJz
lsQlZ
lyowf
lzqlh
lzvzE
mCuSF
mDjqL
mEbYx
mFehG
mHOpG
mHUBY
mIDry
mIxcM
mJVsY
mKkro
mLSoB
mMxtI
mNknK
mOUZL
mQdsF
mVCbu
mVcHg
mXPZT
mXczN
mZFVh
maoDi
mcgmS
mdKkv
mebvL
mfHos
mhQQk
mhWlp
mifyA
minvO
mjXSS
mkWSK
mlkRj
mmPps
mmeqy
mmmCj
mnAqT
mnyvg
mpoIy
mpotY
mspVe
mtCla
muYGg
muiWH
mwMAN
mxcJW
myHIv
mytiy
nAnBy
nCjFM
nEOAt
nEQLV
nFFlj
nGqKn
nHCJm
nHQFg
nIQQU
nJjYd
nKNau
nLDuW
nLsPV
nRPKu
nTbKt
nTxMB
nTyVN
nVsBq
nWhkQ
nWvcK
nXFHa
nXixj
nYctP
nZDpn
ndHmL
neIpg
neziO
nfZye
njXEv
njhpG
nlOXn
nlSOg
nlfXk
nmMTe
noKJY
norpN
nozBv
npJat
nprCh
npzbb
nqOqH
nqsXd
nrUyz
nrYoW
nrnab
nupTf
nuuXM
nxSiF
nxTxi
oBNlt
oFIUG
oFOsF
oGQyd
oHmgy
oHnbo
oHoAZ
oIFyy
oILPG
oJYpv
oJZxU
oLzCk
oNzbT
oOFwN
oOpfq
oQcEl
oQhfZ
oSMAh
oToMn
oVztd
oalYf
obhlo
ocNkr
odeJU
odvVc
oebvv
oeyeD
ofzGM
ohMmj
ohXhr
ohZUs
oiQbD
oiyBN
ojdhQ
okYZZ
olWxi
olbVG
oobTG
opSAo
oqHiU
oqZkn
oqjKM
ouNEe
oumxA
ovEtW
ovaBN
oxJfb
oxtgQ
oyHgS
oynyf
pCdNl
pDnHk
pEqZl
pGzbA
pJUZa
pJhNE
pJhhn
pKHCt
pKYZD
pNFVY
pNWOg
pOQfx
pRXmc
pSeOq
pTQGy
pTSAw
pVBBg
pVhPn
pWaKe
pXJGz
pXTwq
pYgTm
pZDhU
pdKXf
peJQo
pgxmh
pgxmw
phvUX
pmhES
pmmSZ
pmnwM
pmnwX
pnzov
poDQB
poSiK
psVox
pxdyH
qAByg
qAmjh
qBxZG
qDcTb
qEVoS
qFYXE
qFntu
qGRRn
qHWSq
qIyFm
qJdNE
qKMQx
qKxCm
qOrYC
qRzKu
qSMqZ
qYwlv
qagXE
qceTl
qdESA
qdFDB
qeEVv
qeJND
qgYVZ
qhngA
qkPYz
qkoQM
qmEpA
qnUQF
qqFYL
qreyt
qtGOM
qtwif
qwqCH
rCMWg
rCeOo
rDkMV
rFlnx
rHIOe
rHNMu
rHQXX
rHTjg
rJGTD
rKLUX
rKrYH
rLQqV
rOyow
rQVqS
rRDNq
rRTmt
rUPyG
rXDTH
rXzXE
rYYgh
rYeQP
radYu
raotR
rcLgg
rcbuZ
rcjwd
rdYGr
reqtJ
revcq
riVco
riznR
rjrFD
rkqTU
rlQAa
rlZjU
rnZMp
roXSv
rpLrl
rtxHa
ruEBV
ruPlt
rudUP
rwbUn
ryOJL
ryuRh
rzaYv
sAmwE
sBQDd
sElwD
sFzeD
sHBpt
sHJXz
sHlie
sIIJI
sJwqN
sMFuz
sOBTb
sOEFj
sOIiL
sOOzJ
sPVHo
sQaoa
sRKLF
sSCZW
sTUPi
sUwEm
sVTol
sZKjM
sahpR
saujD
scBce
scgLf
sfCNK
sfetV
sfrJQ
siTFk
siedU
sjBdC
slHdp
smCDt
snFlN
soAQe
sptcX
sqBAS
sqsQI
stCDO
stOFa
sumQw
sxvLp
szwAP
tDBnu
tFXKY
tFclq
tGcpr
tHZOE
tHqlr
tJGDz
tLuYD
tNEdu
tNcHa
tNvSj
tOLCP
tRCrk
tRSzD
tUaaM
tVUbG
tWDjQ
tYlOx
tcrtz
teeoF
tfGKT
tgzQg
thROX
tipPR
tkhGz
tkidS
tlKzS
tlcEl
tmQIo
toeYq
tpmmE
trIem
trcyy
tsxRl
txyvC
uAXBF
uBUXq
uDNXt
uEDUj
uGDBq
uGGRK
uGJfN
uHkuk
uIQJn
uIihm
uJYVB
uMoYq
uOcCf
uPKdc
uQPiB
uSqQp
uTJwH
uUwxj
uWRlD
uYXdu
uZtsd
uaAio
uaTJN
uacbO
ucmXL
uePDi
ueTdO
uelpj
ugCOx
ulMAu
umEZu
umaFW
umnOh
uoTft
upDyp
uplIV
uqEFr
uqXBI
uqlRd
uqwGw
uqySQ
utCew
utJqz
utlrD
utqCm
uvSWo
uwLIi
uwhPF
vCKRz
vDJyT
vDtSJ
vFNWv
vIzMB
vJXcB
vKmxI
vLqIZ
vNUcG
vPonI
vQbjy
vQktM
vQpQx
vQsWh
vUAsN
vUfVo
vXogr
vaQYl
vciyR
vdVdN
vdhjR
vfoRf
vftPY
vgilm
vjmzZ
vlMqh
vlbsw
vlkFi
voGvU
vpfFk
vqYfw
vqhzL
vsEVg
vtPbS
vvEqE
vwvtv
vxSdh
vzjNu
wBBxG
wBvjR
wCfEl
wCtGc
wDbEr
wEKXX
wGBXo
wJARF
wJdxs
wKdUV
wMlJf
wNGRi
wNUuI
wOgMd
wTKWr
wUWsV
wUfXf
wUgZp
wVecv
wWBkO
wYRUO
wZhwW
wcYsO
wfiTr
wgypW
wjDsU
wkDib
wkGYC
wkHPY
wkLIF
wlkFp
wmPhb
wmTwI
wmelO
wmmat
wnYFU
wpBuA
wrsWV
wtRpq
wtgdp
wuQjk
wumov
wxslP
wxxnz
wywJc
wzpJL
xCMXN
xCkEc
xDbkC
xEDXy
xEZHj
xEbgi
xFBBF
xFZue
xFkwk
xGZvz
xGfJg
xHltN
xHqES
xLHrY
xLKES
xLquc
xLvbD
xNVdC
xOQmC
xOotx
xPSUr
xSxyO
xSyGG
xTcih
xWoFh
xWojE
xWqls
xWsrc
xYaII
xZaBo
xZflr
xcXyG
xdKsY
xdTDc
xdhED
xdldt
xgGDL
xgnlq
xjAMb
xjTKg
xjsFQ
xmgou
xnLKF
xplzf
xponb
xrCIZ
xrHZo
xrYAP
xsaQo
xtGbj
xuEou
xvYdb
xwzUk
xyAzB
yAdrm
yBeQd
yBecF
yFncH
yJMMD
yJzEN
yMUbT
yQHRt
yQTxt
yQaGy
yQzNS
yRjTc
yRmbr
ySYwi
yTWsr
yTlKj
yWmKe
yWtuD
yXcoS
yYFKa
yaJQR
yaRXt
ybGCz
yeEgs
yeqdS
ygoAN
yhHLp
yiQqF
yjhQT
yjtDo
ylVLc
ymLQe
ymMHV
ynRtg
yortd
ypFaA
ypWmZ
yqBfr
yrHWc
yuJjO
yvoMO
ywrMK
yxoBa
zBIPU
zCvbo
zFuij
zGJlZ
zGQlD
zHMFT
zHeIu
zJOjS
zJxAC
zJxLH
zKjTG
zMPFr
zNCaf
zNaEI
zNvnZ
zOhGc
zPFZA
zQXmG
zQoKH
zRPuj
zSago
zULqE
zVEkX
zVxiU
zWImi
zYlZQ
zZGdp
zcClB
zczoN
zdcqA
zdvMH
zeYGR
zecRb
zgwTz
zhTDC
zhwof
zinPX
zjEDW
zjTTV
zjcsJ
zopce
zrgwD
ztNiC
ztxkj
zuigh
zwAYa
zwGfw
zwlOU
zwrIP
zyRwc
zyvlV
